Using pre-set license
Built from '2021.1/staging' branch; Version is '2021.1.7f1 (d91830b65d9b) revision 14227504'; Using compiler version '192528614'; Build Type 'Release'
OS: 'Windows 10 Home; OS build 22621.2428; Version 2009; 64bit' Language: 'tr' Physical Memory: 8008 MB
BatchMode: 1, IsHumanControllingUs: 0, StartBugReporterOnCrash: 0, Is64bit: 1, IsPro: 0

 COMMAND LINE ARGUMENTS:
C:\Program Files\Unity\Hub\Editor\2021.1.7f1\Editor\Unity.exe
-adb2
-batchMode
-noUpm
-name
AssetImportWorker0
-projectPath
C:/Users/arife/Documents/GITHUB/Maze-3D/Maze Game 3D
-logFile
Logs/AssetImportWorker0.log
-srvPort
61678
Successfully changed project path to: C:/Users/arife/Documents/GITHUB/Maze-3D/Maze Game 3D
C:/Users/arife/Documents/GITHUB/Maze-3D/Maze Game 3D
Using Asset Import Pipeline V2.
Refreshing native plugins compatible for Editor in 80.43 ms, found 1 plugins.
Preloading 0 native plugins for Editor in 0.00 ms.
Initialize engine version: 2021.1.7f1 (d91830b65d9b)
[Subsystems] Discovering subsystems at path C:/Program Files/Unity/Hub/Editor/2021.1.7f1/Editor/Data/Resources/UnitySubsystems
[Subsystems] Discovering subsystems at path C:/Users/arife/Documents/GITHUB/Maze-3D/Maze Game 3D/Assets
GfxDevice: creating device client; threaded=0; jobified=0
Direct3D:
    Version:  Direct3D 11.0 [level 11.1]
    Renderer: NVIDIA GeForce GTX 1660 Ti (ID=0x2191)
    Vendor:   NVIDIA
    VRAM:     5979 MB
    Driver:   31.0.15.3758
Initialize mono
Mono path[0] = 'C:/Program Files/Unity/Hub/Editor/2021.1.7f1/Editor/Data/Managed'
Mono path[1] = 'C:/Program Files/Unity/Hub/Editor/2021.1.7f1/Editor/Data/MonoBleedingEdge/lib/mono/unityjit'
Mono config path = 'C:/Program Files/Unity/Hub/Editor/2021.1.7f1/Editor/Data/MonoBleedingEdge/etc'
Using monoOptions --debugger-agent=transport=dt_socket,embedding=1,server=y,suspend=n,address=127.0.0.1:56392
Begin MonoManager ReloadAssembly
Registering precompiled unity dll's ...
Register platform support module: C:/Program Files/Unity/Hub/Editor/2021.1.7f1/Editor/Data/PlaybackEngines/WindowsStandaloneSupport/UnityEditor.WindowsStandalone.Extensions.dll
Registered in 0.002362 seconds.
Native extension for WindowsStandalone target not found
Refreshing native plugins compatible for Editor in 73.85 ms, found 1 plugins.
Preloading 0 native plugins for Editor in 0.00 ms.
Mono: successfully reloaded assembly
- Completed reload, in  3.442 seconds
Platform modules already initialized, skipping
Registering precompiled user dll's ...
Registered in 0.005274 seconds.
Begin MonoManager ReloadAssembly
Symbol file LoadedFromMemory doesn't match image C:\Users\arife\Documents\GITHUB\Maze-3D\Maze Game 3D\Library\PackageCache\com.unity.visualscripting@1.6.1\Editor\VisualScripting.Core\Dependencies\YamlDotNet\Unity.VisualScripting.YamlDotNet.dll
Symbol file LoadedFromMemory doesn't match image C:\Users\arife\Documents\GITHUB\Maze-3D\Maze Game 3D\Library\PackageCache\com.unity.visualscripting@1.6.1\Editor\VisualScripting.Core\Dependencies\DotNetZip\Unity.VisualScripting.IonicZip.dll
Native extension for WindowsStandalone target not found
Refreshing native plugins compatible for Editor in 0.51 ms, found 1 plugins.
Preloading 0 native plugins for Editor in 0.00 ms.
Mono: successfully reloaded assembly
- Completed reload, in  0.895 seconds
Platform modules already initialized, skipping
========================================================================
Worker process is ready to serve import requests
Launched and connected shader compiler UnityShaderCompiler.exe after 0.04 seconds
Refreshing native plugins compatible for Editor in 0.71 ms, found 1 plugins.
Preloading 0 native plugins for Editor in 0.00 ms.
Unloading 3054 Unused Serialized files (Serialized files now loaded: 0)
System memory in use before: 125.6 MB.
System memory in use after: 125.8 MB.

Unloading 15 unused Assets to reduce memory usage. Loaded Objects now: 3524.
Total: 2.329400 ms (FindLiveObjects: 0.271000 ms CreateObjectMapping: 0.159300 ms MarkObjects: 1.781600 ms  DeleteObjects: 0.116500 ms)

========================================================================
Received Import Request.
  path: Assets
  artifactKey: Guid(00000000000000001000000000000000) Importer(815301076,1909f56bfc062723c751e8b465ee728b)
Start importing Assets using Guid(00000000000000001000000000000000) Importer(815301076,1909f56bfc062723c751e8b465ee728b)  -> (artifact id: '42d402b061de3733987d63b9cc3b64de') in 0.015121 seconds 
========================================================================
Received Import Request.
  Time since last request: 11.700481 seconds.
  path: Assets/Misc
  artifactKey: Guid(fe153eebd6551a843a2228946cce20c2) Importer(815301076,1909f56bfc062723c751e8b465ee728b)
Start importing Assets/Misc using Guid(fe153eebd6551a843a2228946cce20c2) Importer(815301076,1909f56bfc062723c751e8b465ee728b)  -> (artifact id: '7c85898817f9dc1e19589a8dee30832f') in 0.012405 seconds 
========================================================================
Received Import Request.
  Time since last request: 27.558487 seconds.
  path: Assets/Misc/5by5Maze.png
  artifactKey: Guid(33f8b352ad6d08140b53bda718b8f192) Importer(815301076,1909f56bfc062723c751e8b465ee728b)
Start importing Assets/Misc/5by5Maze.png using Guid(33f8b352ad6d08140b53bda718b8f192) Importer(815301076,1909f56bfc062723c751e8b465ee728b)  -> (artifact id: 'b2ef71cb2fbe37479c8e51d267e2bf09') in 0.084395 seconds 
========================================================================
Received Import Request.
  Time since last request: 18.592553 seconds.
  path: Packages/com.unity.probuilder/Content/Icons/Toolbar/Background/AccentBar_Bottom.png
  artifactKey: Guid(19fabf6370255433fa736008910e1bf2) Importer(815301076,1909f56bfc062723c751e8b465ee728b)
Start importing Packages/com.unity.probuilder/Content/Icons/Toolbar/Background/AccentBar_Bottom.png using Guid(19fabf6370255433fa736008910e1bf2) Importer(815301076,1909f56bfc062723c751e8b465ee728b)  -> (artifact id: '93698ad72505cb13819457bbebbd14be') in 0.016387 seconds 
========================================================================
Received Import Request.
  Time since last request: 0.000267 seconds.
  path: Packages/com.unity.probuilder/Content/Icons/Toolbar/AltButton_Hover.png
  artifactKey: Guid(d4f4647229a9f47a3b8739dad2c59db5) Importer(815301076,1909f56bfc062723c751e8b465ee728b)
Start importing Packages/com.unity.probuilder/Content/Icons/Toolbar/AltButton_Hover.png using Guid(d4f4647229a9f47a3b8739dad2c59db5) Importer(815301076,1909f56bfc062723c751e8b465ee728b)  -> (artifact id: '4d0b626530dc38ddc2e03891cd67fa67') in 0.025246 seconds 
========================================================================
Received Import Request.
  Time since last request: 0.000244 seconds.
  path: Packages/com.unity.collab-proxy/Editor/Assets/Icons/added-file-dark.png
  artifactKey: Guid(1a4f52b613391cd449af3ad2e44affeb) Importer(815301076,1909f56bfc062723c751e8b465ee728b)
Start importing Packages/com.unity.collab-proxy/Editor/Assets/Icons/added-file-dark.png using Guid(1a4f52b613391cd449af3ad2e44affeb) Importer(815301076,1909f56bfc062723c751e8b465ee728b)  -> (artifact id: 'f07088e2559d81e00903601cb055c8e4') in 0.028017 seconds 
========================================================================
Received Import Request.
  Time since last request: 0.000283 seconds.
  path: Packages/com.unity.collab-proxy/Editor/Assets/Icons/added-file-dark@2x.png
  artifactKey: Guid(c223e0c507e2c6549a2cb97441b62cbe) Importer(815301076,1909f56bfc062723c751e8b465ee728b)
Start importing Packages/com.unity.collab-proxy/Editor/Assets/Icons/added-file-dark@2x.png using Guid(c223e0c507e2c6549a2cb97441b62cbe) Importer(815301076,1909f56bfc062723c751e8b465ee728b)  -> (artifact id: '2595185089100460e69489ef0912113f') in 0.031431 seconds 
========================================================================
Received Import Request.
  Time since last request: 0.000941 seconds.
  path: Packages/com.unity.probuilder/Content/Icons/Toolbar/AltButton_Normal.png
  artifactKey: Guid(c175d9b0ccfa2428ea936c9c6b654bd1) Importer(815301076,1909f56bfc062723c751e8b465ee728b)
Start importing Packages/com.unity.probuilder/Content/Icons/Toolbar/AltButton_Normal.png using Guid(c175d9b0ccfa2428ea936c9c6b654bd1) Importer(815301076,1909f56bfc062723c751e8b465ee728b)  -> (artifact id: '059343be796c7abc8040ae18c83a2cc5') in 0.014627 seconds 
========================================================================
Received Import Request.
  Time since last request: 0.000250 seconds.
  path: Packages/com.unity.collab-proxy/Editor/Assets/Icons/added-file-light@2x.png
  artifactKey: Guid(ec2e3aa6d0ab8ce4eac29b56d65d61d5) Importer(815301076,1909f56bfc062723c751e8b465ee728b)
Start importing Packages/com.unity.collab-proxy/Editor/Assets/Icons/added-file-light@2x.png using Guid(ec2e3aa6d0ab8ce4eac29b56d65d61d5) Importer(815301076,1909f56bfc062723c751e8b465ee728b)  -> (artifact id: '5d72c5ca1c80d3f84122c1c6cc587578') in 0.026159 seconds 
========================================================================
Received Import Request.
  Time since last request: 0.000294 seconds.
  path: Packages/com.unity.collab-proxy/Editor/Assets/Icons/added-file-light.png
  artifactKey: Guid(397fff6c3885f8343bb65714f0064b5d) Importer(815301076,1909f56bfc062723c751e8b465ee728b)
Start importing Packages/com.unity.collab-proxy/Editor/Assets/Icons/added-file-light.png using Guid(397fff6c3885f8343bb65714f0064b5d) Importer(815301076,1909f56bfc062723c751e8b465ee728b)  -> (artifact id: '77ff45978fa0430090c4181232fda9a5') in 0.023772 seconds 
========================================================================
Received Import Request.
  Time since last request: 1.116867 seconds.
  path: Assets/NewBrush.brush
  artifactKey: Guid(f94d6e71f2976af4db0f225d11f1da23) Importer(815301076,1909f56bfc062723c751e8b465ee728b)
Start importing Assets/NewBrush.brush using Guid(f94d6e71f2976af4db0f225d11f1da23) Importer(815301076,1909f56bfc062723c751e8b465ee728b)  -> (artifact id: 'f714a4c7b2572acfa59f1794e0ae6ce8') in 0.061598 seconds 
========================================================================
Received Prepare
Registering precompiled user dll's ...
Registered in 0.004313 seconds.
Begin MonoManager ReloadAssembly
Symbol file LoadedFromMemory doesn't match image C:\Users\arife\Documents\GITHUB\Maze-3D\Maze Game 3D\Library\PackageCache\com.unity.visualscripting@1.6.1\Editor\VisualScripting.Core\Dependencies\YamlDotNet\Unity.VisualScripting.YamlDotNet.dll
Symbol file LoadedFromMemory doesn't match image C:\Users\arife\Documents\GITHUB\Maze-3D\Maze Game 3D\Library\PackageCache\com.unity.visualscripting@1.6.1\Editor\VisualScripting.Core\Dependencies\DotNetZip\Unity.VisualScripting.IonicZip.dll
Native extension for WindowsStandalone target not found
Refreshing native plugins compatible for Editor in 0.56 ms, found 1 plugins.
Preloading 0 native plugins for Editor in 0.00 ms.
Mono: successfully reloaded assembly
- Completed reload, in  1.166 seconds
Platform modules already initialized, skipping
Refreshing native plugins compatible for Editor in 0.52 ms, found 1 plugins.
Preloading 0 native plugins for Editor in 0.00 ms.
Unloading 3038 Unused Serialized files (Serialized files now loaded: 0)
System memory in use before: 130.8 MB.
System memory in use after: 130.9 MB.

Unloading 10 unused Assets to reduce memory usage. Loaded Objects now: 3657.
Total: 2.401000 ms (FindLiveObjects: 0.261000 ms CreateObjectMapping: 0.172800 ms MarkObjects: 1.886100 ms  DeleteObjects: 0.080100 ms)

========================================================================
Received Import Request.
  Time since last request: 1207.937451 seconds.
  path: Assets/New Terrain.asset
  artifactKey: Guid(604026209e5105d4e99241e9a326b7d0) Importer(815301076,1909f56bfc062723c751e8b465ee728b)
Start importing Assets/New Terrain.asset using Guid(604026209e5105d4e99241e9a326b7d0) Importer(815301076,1909f56bfc062723c751e8b465ee728b)  -> (artifact id: '14db2fa70101f82532ee62ecb41e0506') in 0.028994 seconds 
========================================================================
Received Import Request.
  Time since last request: 31.367929 seconds.
  path: Assets/New Terrain 1.asset
  artifactKey: Guid(0d63aab83c9352f489718036e9cdd68b) Importer(815301076,1909f56bfc062723c751e8b465ee728b)
Start importing Assets/New Terrain 1.asset using Guid(0d63aab83c9352f489718036e9cdd68b) Importer(815301076,1909f56bfc062723c751e8b465ee728b)  -> (artifact id: 'f715df60162e459631419e8262bd3c02') in 0.018787 seconds 
AssetImportWorkerClient::OnTransportError - code=2 error=End of file
