Using pre-set license
Built from '2021.1/staging' branch; Version is '2021.1.7f1 (d91830b65d9b) revision 14227504'; Using compiler version '192528614'; Build Type 'Release'
OS: 'Windows 10 Home; OS build 22621.2428; Version 2009; 64bit' Language: 'tr' Physical Memory: 8008 MB
BatchMode: 1, IsHumanControllingUs: 0, StartBugReporterOnCrash: 0, Is64bit: 1, IsPro: 0

 COMMAND LINE ARGUMENTS:
C:\Program Files\Unity\Hub\Editor\2021.1.7f1\Editor\Unity.exe
-adb2
-batchMode
-noUpm
-name
AssetImportWorker0
-projectPath
C:/Users/arife/Documents/GITHUB/Maze-3D/Maze Game 3D
-logFile
Logs/AssetImportWorker0.log
-srvPort
63444
Successfully changed project path to: C:/Users/arife/Documents/GITHUB/Maze-3D/Maze Game 3D
C:/Users/arife/Documents/GITHUB/Maze-3D/Maze Game 3D
Using Asset Import Pipeline V2.
Refreshing native plugins compatible for Editor in 79.51 ms, found 1 plugins.
Preloading 0 native plugins for Editor in 0.00 ms.
Initialize engine version: 2021.1.7f1 (d91830b65d9b)
[Subsystems] Discovering subsystems at path C:/Program Files/Unity/Hub/Editor/2021.1.7f1/Editor/Data/Resources/UnitySubsystems
[Subsystems] Discovering subsystems at path C:/Users/arife/Documents/GITHUB/Maze-3D/Maze Game 3D/Assets
GfxDevice: creating device client; threaded=0; jobified=0
Direct3D:
    Version:  Direct3D 11.0 [level 11.1]
    Renderer: NVIDIA GeForce GTX 1660 Ti (ID=0x2191)
    Vendor:   NVIDIA
    VRAM:     5979 MB
    Driver:   31.0.15.3758
Initialize mono
Mono path[0] = 'C:/Program Files/Unity/Hub/Editor/2021.1.7f1/Editor/Data/Managed'
Mono path[1] = 'C:/Program Files/Unity/Hub/Editor/2021.1.7f1/Editor/Data/MonoBleedingEdge/lib/mono/unityjit'
Mono config path = 'C:/Program Files/Unity/Hub/Editor/2021.1.7f1/Editor/Data/MonoBleedingEdge/etc'
Using monoOptions --debugger-agent=transport=dt_socket,embedding=1,server=y,suspend=n,address=127.0.0.1:56204
Begin MonoManager ReloadAssembly
Registering precompiled unity dll's ...
Register platform support module: C:/Program Files/Unity/Hub/Editor/2021.1.7f1/Editor/Data/PlaybackEngines/WindowsStandaloneSupport/UnityEditor.WindowsStandalone.Extensions.dll
Registered in 0.001126 seconds.
Native extension for WindowsStandalone target not found
Refreshing native plugins compatible for Editor in 74.90 ms, found 1 plugins.
Preloading 0 native plugins for Editor in 0.00 ms.
Mono: successfully reloaded assembly
- Completed reload, in  1.088 seconds
Platform modules already initialized, skipping
Registering precompiled user dll's ...
Registered in 0.001816 seconds.
Begin MonoManager ReloadAssembly
Symbol file LoadedFromMemory doesn't match image C:\Users\arife\Documents\GITHUB\Maze-3D\Maze Game 3D\Library\PackageCache\com.unity.visualscripting@1.6.1\Editor\VisualScripting.Core\Dependencies\YamlDotNet\Unity.VisualScripting.YamlDotNet.dll
Symbol file LoadedFromMemory doesn't match image C:\Users\arife\Documents\GITHUB\Maze-3D\Maze Game 3D\Library\PackageCache\com.unity.visualscripting@1.6.1\Editor\VisualScripting.Core\Dependencies\DotNetZip\Unity.VisualScripting.IonicZip.dll
Native extension for WindowsStandalone target not found
Refreshing native plugins compatible for Editor in 0.49 ms, found 1 plugins.
Preloading 0 native plugins for Editor in 0.00 ms.
Mono: successfully reloaded assembly
- Completed reload, in  0.863 seconds
Platform modules already initialized, skipping
========================================================================
Worker process is ready to serve import requests
Launched and connected shader compiler UnityShaderCompiler.exe after 0.04 seconds
Refreshing native plugins compatible for Editor in 0.53 ms, found 1 plugins.
Preloading 0 native plugins for Editor in 0.00 ms.
Unloading 3054 Unused Serialized files (Serialized files now loaded: 0)
System memory in use before: 125.5 MB.
System memory in use after: 125.6 MB.

Unloading 15 unused Assets to reduce memory usage. Loaded Objects now: 3524.
Total: 2.108500 ms (FindLiveObjects: 0.342000 ms CreateObjectMapping: 0.168700 ms MarkObjects: 1.498400 ms  DeleteObjects: 0.098100 ms)

========================================================================
Received Import Request.
  path: Assets/New Terrain.asset
  artifactKey: Guid(604026209e5105d4e99241e9a326b7d0) Importer(815301076,1909f56bfc062723c751e8b465ee728b)
Start importing Assets/New Terrain.asset using Guid(604026209e5105d4e99241e9a326b7d0) Importer(815301076,1909f56bfc062723c751e8b465ee728b)  -> (artifact id: '84bbd6570347da3de379701d814a161f') in 0.027110 seconds 
========================================================================
Received Import Request.
  Time since last request: 1.372485 seconds.
  path: Assets/NewBrush.brush
  artifactKey: Guid(f94d6e71f2976af4db0f225d11f1da23) Importer(815301076,1909f56bfc062723c751e8b465ee728b)
Start importing Assets/NewBrush.brush using Guid(f94d6e71f2976af4db0f225d11f1da23) Importer(815301076,1909f56bfc062723c751e8b465ee728b)  -> (artifact id: '577fb874b225903344fa327574e96d89') in 0.058332 seconds 
========================================================================
Received Import Request.
  Time since last request: 368.899124 seconds.
  path: Assets/Scenes
  artifactKey: Guid(f79204227bf9fe244bd61f7372cf9750) Importer(815301076,1909f56bfc062723c751e8b465ee728b)
Start importing Assets/Scenes using Guid(f79204227bf9fe244bd61f7372cf9750) Importer(815301076,1909f56bfc062723c751e8b465ee728b)  -> (artifact id: 'cee4f85654d11899a8ba3daf4433aa9e') in 0.013612 seconds 
========================================================================
Received Import Request.
  Time since last request: 11.029306 seconds.
  path: Assets/Misc/mATERİALS
  artifactKey: Guid(8a0c71b7edf67b4499c8394d37e06bc8) Importer(815301076,1909f56bfc062723c751e8b465ee728b)
Start importing Assets/Misc/mATERİALS using Guid(8a0c71b7edf67b4499c8394d37e06bc8) Importer(815301076,1909f56bfc062723c751e8b465ee728b)  -> (artifact id: 'bff0c6d17d03a02b8ea58d5069631dfe') in 0.013137 seconds 
========================================================================
Received Import Request.
  Time since last request: 6.860906 seconds.
  path: Assets/Misc/Materials
  artifactKey: Guid(8a0c71b7edf67b4499c8394d37e06bc8) Importer(815301076,1909f56bfc062723c751e8b465ee728b)
Start importing Assets/Misc/Materials using Guid(8a0c71b7edf67b4499c8394d37e06bc8) Importer(815301076,1909f56bfc062723c751e8b465ee728b)  -> (artifact id: '05104c63b7ca16de17ba30fc5e0cebcf') in 0.010170 seconds 
========================================================================
Received Import Request.
  Time since last request: 8.926459 seconds.
  path: Assets/Misc/Scripts
  artifactKey: Guid(50dbd5173451d3a4fabe5a505d26cb4e) Importer(815301076,1909f56bfc062723c751e8b465ee728b)
Start importing Assets/Misc/Scripts using Guid(50dbd5173451d3a4fabe5a505d26cb4e) Importer(815301076,1909f56bfc062723c751e8b465ee728b)  -> (artifact id: 'ecbf4a494b2104c0dfbeb34f366a1e93') in 0.012280 seconds 
========================================================================
Received Import Request.
  Time since last request: 8.067700 seconds.
  path: Assets/Misc/Stuffs
  artifactKey: Guid(143674183a2416045bf1486d72ae541c) Importer(815301076,1909f56bfc062723c751e8b465ee728b)
Start importing Assets/Misc/Stuffs using Guid(143674183a2416045bf1486d72ae541c) Importer(815301076,1909f56bfc062723c751e8b465ee728b)  -> (artifact id: '6d97d3b904558b634413f063bac083b6') in 0.009685 seconds 
========================================================================
Received Import Request.
  Time since last request: 8.458104 seconds.
  path: Assets/Misc/Scripts/CameraFollow.cs
  artifactKey: Guid(61be55e2cacf6314ab7bd0e1f53b7d48) Importer(815301076,1909f56bfc062723c751e8b465ee728b)
Start importing Assets/Misc/Scripts/CameraFollow.cs using Guid(61be55e2cacf6314ab7bd0e1f53b7d48) Importer(815301076,1909f56bfc062723c751e8b465ee728b)  -> (artifact id: '1bdf1e815cc8276d8f3a06f323b653e8') in 0.027509 seconds 
========================================================================
Received Prepare
Registering precompiled user dll's ...
Registered in 0.002769 seconds.
Begin MonoManager ReloadAssembly
Symbol file LoadedFromMemory doesn't match image C:\Users\arife\Documents\GITHUB\Maze-3D\Maze Game 3D\Library\PackageCache\com.unity.visualscripting@1.6.1\Editor\VisualScripting.Core\Dependencies\YamlDotNet\Unity.VisualScripting.YamlDotNet.dll
Symbol file LoadedFromMemory doesn't match image C:\Users\arife\Documents\GITHUB\Maze-3D\Maze Game 3D\Library\PackageCache\com.unity.visualscripting@1.6.1\Editor\VisualScripting.Core\Dependencies\DotNetZip\Unity.VisualScripting.IonicZip.dll
Native extension for WindowsStandalone target not found
Refreshing native plugins compatible for Editor in 6.23 ms, found 1 plugins.
Preloading 0 native plugins for Editor in 0.00 ms.
Mono: successfully reloaded assembly
- Completed reload, in  1.764 seconds
Platform modules already initialized, skipping
Refreshing native plugins compatible for Editor in 0.68 ms, found 1 plugins.
Preloading 0 native plugins for Editor in 0.00 ms.
Unloading 3031 Unused Serialized files (Serialized files now loaded: 0)
System memory in use before: 127.2 MB.
System memory in use after: 127.4 MB.

Unloading 10 unused Assets to reduce memory usage. Loaded Objects now: 3533.
Total: 1.999900 ms (FindLiveObjects: 0.256600 ms CreateObjectMapping: 0.167500 ms MarkObjects: 1.498400 ms  DeleteObjects: 0.076300 ms)

========================================================================
Received Prepare
Registering precompiled user dll's ...
Registered in 0.002590 seconds.
Begin MonoManager ReloadAssembly
Symbol file LoadedFromMemory doesn't match image C:\Users\arife\Documents\GITHUB\Maze-3D\Maze Game 3D\Library\PackageCache\com.unity.visualscripting@1.6.1\Editor\VisualScripting.Core\Dependencies\YamlDotNet\Unity.VisualScripting.YamlDotNet.dll
Symbol file LoadedFromMemory doesn't match image C:\Users\arife\Documents\GITHUB\Maze-3D\Maze Game 3D\Library\PackageCache\com.unity.visualscripting@1.6.1\Editor\VisualScripting.Core\Dependencies\DotNetZip\Unity.VisualScripting.IonicZip.dll
Native extension for WindowsStandalone target not found
Refreshing native plugins compatible for Editor in 0.51 ms, found 1 plugins.
Preloading 0 native plugins for Editor in 0.00 ms.
Mono: successfully reloaded assembly
- Completed reload, in  0.867 seconds
Platform modules already initialized, skipping
Refreshing native plugins compatible for Editor in 0.51 ms, found 1 plugins.
Preloading 0 native plugins for Editor in 0.00 ms.
Unloading 3031 Unused Serialized files (Serialized files now loaded: 0)
System memory in use before: 127.3 MB.
System memory in use after: 127.4 MB.

Unloading 10 unused Assets to reduce memory usage. Loaded Objects now: 3536.
Total: 2.990200 ms (FindLiveObjects: 0.243700 ms CreateObjectMapping: 0.165500 ms MarkObjects: 2.416000 ms  DeleteObjects: 0.163700 ms)

========================================================================
Received Import Request.
  Time since last request: 270.198705 seconds.
  path: Assets/Misc/Scripts/CameraFollow.cs
  artifactKey: Guid(61be55e2cacf6314ab7bd0e1f53b7d48) Importer(815301076,1909f56bfc062723c751e8b465ee728b)
Start importing Assets/Misc/Scripts/CameraFollow.cs using Guid(61be55e2cacf6314ab7bd0e1f53b7d48) Importer(815301076,1909f56bfc062723c751e8b465ee728b)  -> (artifact id: '1958d896be2357c81fa03353189ebbd6') in 0.004927 seconds 
========================================================================
Received Prepare
Registering precompiled user dll's ...
Registered in 0.002709 seconds.
Begin MonoManager ReloadAssembly
Symbol file LoadedFromMemory doesn't match image C:\Users\arife\Documents\GITHUB\Maze-3D\Maze Game 3D\Library\PackageCache\com.unity.visualscripting@1.6.1\Editor\VisualScripting.Core\Dependencies\YamlDotNet\Unity.VisualScripting.YamlDotNet.dll
Symbol file LoadedFromMemory doesn't match image C:\Users\arife\Documents\GITHUB\Maze-3D\Maze Game 3D\Library\PackageCache\com.unity.visualscripting@1.6.1\Editor\VisualScripting.Core\Dependencies\DotNetZip\Unity.VisualScripting.IonicZip.dll
Native extension for WindowsStandalone target not found
Refreshing native plugins compatible for Editor in 1.14 ms, found 1 plugins.
Preloading 0 native plugins for Editor in 0.00 ms.
Mono: successfully reloaded assembly
- Completed reload, in  0.891 seconds
Platform modules already initialized, skipping
Refreshing native plugins compatible for Editor in 0.51 ms, found 1 plugins.
Preloading 0 native plugins for Editor in 0.00 ms.
Unloading 3031 Unused Serialized files (Serialized files now loaded: 0)
System memory in use before: 127.3 MB.
System memory in use after: 127.5 MB.

Unloading 10 unused Assets to reduce memory usage. Loaded Objects now: 3539.
Total: 2.058900 ms (FindLiveObjects: 0.251600 ms CreateObjectMapping: 0.172800 ms MarkObjects: 1.554300 ms  DeleteObjects: 0.079000 ms)

========================================================================
Received Prepare
Registering precompiled user dll's ...
Registered in 0.003093 seconds.
Begin MonoManager ReloadAssembly
Symbol file LoadedFromMemory doesn't match image C:\Users\arife\Documents\GITHUB\Maze-3D\Maze Game 3D\Library\PackageCache\com.unity.visualscripting@1.6.1\Editor\VisualScripting.Core\Dependencies\YamlDotNet\Unity.VisualScripting.YamlDotNet.dll
Symbol file LoadedFromMemory doesn't match image C:\Users\arife\Documents\GITHUB\Maze-3D\Maze Game 3D\Library\PackageCache\com.unity.visualscripting@1.6.1\Editor\VisualScripting.Core\Dependencies\DotNetZip\Unity.VisualScripting.IonicZip.dll
Native extension for WindowsStandalone target not found
Refreshing native plugins compatible for Editor in 0.59 ms, found 1 plugins.
Preloading 0 native plugins for Editor in 0.00 ms.
Mono: successfully reloaded assembly
- Completed reload, in  0.840 seconds
Platform modules already initialized, skipping
Refreshing native plugins compatible for Editor in 0.57 ms, found 1 plugins.
Preloading 0 native plugins for Editor in 0.00 ms.
Unloading 3031 Unused Serialized files (Serialized files now loaded: 0)
System memory in use before: 127.3 MB.
System memory in use after: 127.5 MB.

Unloading 10 unused Assets to reduce memory usage. Loaded Objects now: 3542.
Total: 3.090900 ms (FindLiveObjects: 0.341100 ms CreateObjectMapping: 0.245300 ms MarkObjects: 2.383500 ms  DeleteObjects: 0.119500 ms)

========================================================================
Received Import Request.
  Time since last request: 261.327021 seconds.
  path: Assets/Misc/Scripts/BallController.cs
  artifactKey: Guid(4b9f5be7abb8c4f4d8a3d231a7a46cb6) Importer(815301076,1909f56bfc062723c751e8b465ee728b)
Start importing Assets/Misc/Scripts/BallController.cs using Guid(4b9f5be7abb8c4f4d8a3d231a7a46cb6) Importer(815301076,1909f56bfc062723c751e8b465ee728b)  -> (artifact id: '1dbdad3739b4f7c006f0997aa3fd0c92') in 0.022808 seconds 
========================================================================
Received Prepare
Registering precompiled user dll's ...
Registered in 0.002419 seconds.
Begin MonoManager ReloadAssembly
Symbol file LoadedFromMemory doesn't match image C:\Users\arife\Documents\GITHUB\Maze-3D\Maze Game 3D\Library\PackageCache\com.unity.visualscripting@1.6.1\Editor\VisualScripting.Core\Dependencies\YamlDotNet\Unity.VisualScripting.YamlDotNet.dll
Symbol file LoadedFromMemory doesn't match image C:\Users\arife\Documents\GITHUB\Maze-3D\Maze Game 3D\Library\PackageCache\com.unity.visualscripting@1.6.1\Editor\VisualScripting.Core\Dependencies\DotNetZip\Unity.VisualScripting.IonicZip.dll
Native extension for WindowsStandalone target not found
Refreshing native plugins compatible for Editor in 0.59 ms, found 1 plugins.
Preloading 0 native plugins for Editor in 0.00 ms.
Mono: successfully reloaded assembly
- Completed reload, in  0.939 seconds
Platform modules already initialized, skipping
Refreshing native plugins compatible for Editor in 0.53 ms, found 1 plugins.
Preloading 0 native plugins for Editor in 0.00 ms.
Unloading 3032 Unused Serialized files (Serialized files now loaded: 0)
System memory in use before: 127.3 MB.
System memory in use after: 127.5 MB.

Unloading 10 unused Assets to reduce memory usage. Loaded Objects now: 3546.
Total: 2.064000 ms (FindLiveObjects: 0.272000 ms CreateObjectMapping: 0.164100 ms MarkObjects: 1.484900 ms  DeleteObjects: 0.142200 ms)

========================================================================
Received Import Request.
  Time since last request: 161.526011 seconds.
  path: Assets/Misc/Scripts/BallController.cs
  artifactKey: Guid(4b9f5be7abb8c4f4d8a3d231a7a46cb6) Importer(815301076,1909f56bfc062723c751e8b465ee728b)
Start importing Assets/Misc/Scripts/BallController.cs using Guid(4b9f5be7abb8c4f4d8a3d231a7a46cb6) Importer(815301076,1909f56bfc062723c751e8b465ee728b)  -> (artifact id: '6c965b1a8fdf4fbf6d4cc297dedf9998') in 0.008897 seconds 
========================================================================
Received Prepare
Registering precompiled user dll's ...
Registered in 0.001926 seconds.
Begin MonoManager ReloadAssembly
Symbol file LoadedFromMemory doesn't match image C:\Users\arife\Documents\GITHUB\Maze-3D\Maze Game 3D\Library\PackageCache\com.unity.visualscripting@1.6.1\Editor\VisualScripting.Core\Dependencies\YamlDotNet\Unity.VisualScripting.YamlDotNet.dll
Symbol file LoadedFromMemory doesn't match image C:\Users\arife\Documents\GITHUB\Maze-3D\Maze Game 3D\Library\PackageCache\com.unity.visualscripting@1.6.1\Editor\VisualScripting.Core\Dependencies\DotNetZip\Unity.VisualScripting.IonicZip.dll
Native extension for WindowsStandalone target not found
Refreshing native plugins compatible for Editor in 1.08 ms, found 1 plugins.
Preloading 0 native plugins for Editor in 0.00 ms.
Mono: successfully reloaded assembly
- Completed reload, in  1.145 seconds
Platform modules already initialized, skipping
Refreshing native plugins compatible for Editor in 0.66 ms, found 1 plugins.
Preloading 0 native plugins for Editor in 0.00 ms.
Unloading 3032 Unused Serialized files (Serialized files now loaded: 0)
System memory in use before: 127.4 MB.
System memory in use after: 127.5 MB.

Unloading 10 unused Assets to reduce memory usage. Loaded Objects now: 3549.
Total: 2.966100 ms (FindLiveObjects: 0.320600 ms CreateObjectMapping: 0.151900 ms MarkObjects: 2.389700 ms  DeleteObjects: 0.102700 ms)

========================================================================
Received Prepare
Registering precompiled user dll's ...
Registered in 0.001936 seconds.
Begin MonoManager ReloadAssembly
Symbol file LoadedFromMemory doesn't match image C:\Users\arife\Documents\GITHUB\Maze-3D\Maze Game 3D\Library\PackageCache\com.unity.visualscripting@1.6.1\Editor\VisualScripting.Core\Dependencies\YamlDotNet\Unity.VisualScripting.YamlDotNet.dll
Symbol file LoadedFromMemory doesn't match image C:\Users\arife\Documents\GITHUB\Maze-3D\Maze Game 3D\Library\PackageCache\com.unity.visualscripting@1.6.1\Editor\VisualScripting.Core\Dependencies\DotNetZip\Unity.VisualScripting.IonicZip.dll
Native extension for WindowsStandalone target not found
Refreshing native plugins compatible for Editor in 0.66 ms, found 1 plugins.
Preloading 0 native plugins for Editor in 0.00 ms.
Mono: successfully reloaded assembly
- Completed reload, in  1.049 seconds
Platform modules already initialized, skipping
Refreshing native plugins compatible for Editor in 0.53 ms, found 1 plugins.
Preloading 0 native plugins for Editor in 0.00 ms.
Unloading 3032 Unused Serialized files (Serialized files now loaded: 0)
System memory in use before: 127.4 MB.
System memory in use after: 127.5 MB.

Unloading 10 unused Assets to reduce memory usage. Loaded Objects now: 3552.
Total: 2.206600 ms (FindLiveObjects: 0.291400 ms CreateObjectMapping: 0.155700 ms MarkObjects: 1.651100 ms  DeleteObjects: 0.107700 ms)

========================================================================
Received Prepare
Registering precompiled user dll's ...
Registered in 0.002036 seconds.
Begin MonoManager ReloadAssembly
Symbol file LoadedFromMemory doesn't match image C:\Users\arife\Documents\GITHUB\Maze-3D\Maze Game 3D\Library\PackageCache\com.unity.visualscripting@1.6.1\Editor\VisualScripting.Core\Dependencies\YamlDotNet\Unity.VisualScripting.YamlDotNet.dll
Symbol file LoadedFromMemory doesn't match image C:\Users\arife\Documents\GITHUB\Maze-3D\Maze Game 3D\Library\PackageCache\com.unity.visualscripting@1.6.1\Editor\VisualScripting.Core\Dependencies\DotNetZip\Unity.VisualScripting.IonicZip.dll
Native extension for WindowsStandalone target not found
Refreshing native plugins compatible for Editor in 0.63 ms, found 1 plugins.
Preloading 0 native plugins for Editor in 0.00 ms.
Mono: successfully reloaded assembly
- Completed reload, in  0.915 seconds
Platform modules already initialized, skipping
Refreshing native plugins compatible for Editor in 0.58 ms, found 1 plugins.
Preloading 0 native plugins for Editor in 0.00 ms.
Unloading 3032 Unused Serialized files (Serialized files now loaded: 0)
System memory in use before: 127.4 MB.
System memory in use after: 127.5 MB.

Unloading 10 unused Assets to reduce memory usage. Loaded Objects now: 3555.
Total: 2.133400 ms (FindLiveObjects: 0.246400 ms CreateObjectMapping: 0.146800 ms MarkObjects: 1.663100 ms  DeleteObjects: 0.075800 ms)

========================================================================
Received Prepare
Registering precompiled user dll's ...
Registered in 0.002334 seconds.
Begin MonoManager ReloadAssembly
Symbol file LoadedFromMemory doesn't match image C:\Users\arife\Documents\GITHUB\Maze-3D\Maze Game 3D\Library\PackageCache\com.unity.visualscripting@1.6.1\Editor\VisualScripting.Core\Dependencies\YamlDotNet\Unity.VisualScripting.YamlDotNet.dll
Symbol file LoadedFromMemory doesn't match image C:\Users\arife\Documents\GITHUB\Maze-3D\Maze Game 3D\Library\PackageCache\com.unity.visualscripting@1.6.1\Editor\VisualScripting.Core\Dependencies\DotNetZip\Unity.VisualScripting.IonicZip.dll
Native extension for WindowsStandalone target not found
Refreshing native plugins compatible for Editor in 0.72 ms, found 1 plugins.
Preloading 0 native plugins for Editor in 0.00 ms.
Mono: successfully reloaded assembly
- Completed reload, in  0.875 seconds
Platform modules already initialized, skipping
Refreshing native plugins compatible for Editor in 0.56 ms, found 1 plugins.
Preloading 0 native plugins for Editor in 0.00 ms.
Unloading 3032 Unused Serialized files (Serialized files now loaded: 0)
System memory in use before: 127.4 MB.
System memory in use after: 127.5 MB.

Unloading 10 unused Assets to reduce memory usage. Loaded Objects now: 3558.
Total: 2.049900 ms (FindLiveObjects: 0.246500 ms CreateObjectMapping: 0.140900 ms MarkObjects: 1.564400 ms  DeleteObjects: 0.097300 ms)

========================================================================
Received Import Request.
  Time since last request: 2979.165934 seconds.
  path: Assets/Misc/Scripts/BallController.cs
  artifactKey: Guid(4b9f5be7abb8c4f4d8a3d231a7a46cb6) Importer(815301076,1909f56bfc062723c751e8b465ee728b)
Start importing Assets/Misc/Scripts/BallController.cs using Guid(4b9f5be7abb8c4f4d8a3d231a7a46cb6) Importer(815301076,1909f56bfc062723c751e8b465ee728b)  -> (artifact id: '70f9897877b03d5e675340e4074ff7ec') in 0.006654 seconds 
========================================================================
Received Prepare
Registering precompiled user dll's ...
Registered in 0.002654 seconds.
Begin MonoManager ReloadAssembly
Symbol file LoadedFromMemory doesn't match image C:\Users\arife\Documents\GITHUB\Maze-3D\Maze Game 3D\Library\PackageCache\com.unity.visualscripting@1.6.1\Editor\VisualScripting.Core\Dependencies\YamlDotNet\Unity.VisualScripting.YamlDotNet.dll
Symbol file LoadedFromMemory doesn't match image C:\Users\arife\Documents\GITHUB\Maze-3D\Maze Game 3D\Library\PackageCache\com.unity.visualscripting@1.6.1\Editor\VisualScripting.Core\Dependencies\DotNetZip\Unity.VisualScripting.IonicZip.dll
Native extension for WindowsStandalone target not found
Refreshing native plugins compatible for Editor in 1.39 ms, found 1 plugins.
Preloading 0 native plugins for Editor in 0.00 ms.
Mono: successfully reloaded assembly
- Completed reload, in  0.901 seconds
Platform modules already initialized, skipping
Refreshing native plugins compatible for Editor in 0.54 ms, found 1 plugins.
Preloading 0 native plugins for Editor in 0.00 ms.
Unloading 3032 Unused Serialized files (Serialized files now loaded: 0)
System memory in use before: 127.4 MB.
System memory in use after: 127.5 MB.

Unloading 10 unused Assets to reduce memory usage. Loaded Objects now: 3561.
Total: 2.022800 ms (FindLiveObjects: 0.265600 ms CreateObjectMapping: 0.164600 ms MarkObjects: 1.512600 ms  DeleteObjects: 0.078700 ms)

========================================================================
Received Prepare
Registering precompiled user dll's ...
Registered in 0.002010 seconds.
Begin MonoManager ReloadAssembly
Symbol file LoadedFromMemory doesn't match image C:\Users\arife\Documents\GITHUB\Maze-3D\Maze Game 3D\Library\PackageCache\com.unity.visualscripting@1.6.1\Editor\VisualScripting.Core\Dependencies\YamlDotNet\Unity.VisualScripting.YamlDotNet.dll
Symbol file LoadedFromMemory doesn't match image C:\Users\arife\Documents\GITHUB\Maze-3D\Maze Game 3D\Library\PackageCache\com.unity.visualscripting@1.6.1\Editor\VisualScripting.Core\Dependencies\DotNetZip\Unity.VisualScripting.IonicZip.dll
Native extension for WindowsStandalone target not found
Refreshing native plugins compatible for Editor in 0.82 ms, found 1 plugins.
Preloading 0 native plugins for Editor in 0.00 ms.
Mono: successfully reloaded assembly
- Completed reload, in  0.827 seconds
Platform modules already initialized, skipping
Refreshing native plugins compatible for Editor in 0.99 ms, found 1 plugins.
Preloading 0 native plugins for Editor in 0.00 ms.
Unloading 3032 Unused Serialized files (Serialized files now loaded: 0)
System memory in use before: 127.4 MB.
System memory in use after: 127.6 MB.

Unloading 10 unused Assets to reduce memory usage. Loaded Objects now: 3564.
Total: 5.333300 ms (FindLiveObjects: 0.574600 ms CreateObjectMapping: 1.111800 ms MarkObjects: 3.517900 ms  DeleteObjects: 0.126600 ms)

========================================================================
Received Prepare
Registering precompiled user dll's ...
Registered in 0.002479 seconds.
Begin MonoManager ReloadAssembly
Symbol file LoadedFromMemory doesn't match image C:\Users\arife\Documents\GITHUB\Maze-3D\Maze Game 3D\Library\PackageCache\com.unity.visualscripting@1.6.1\Editor\VisualScripting.Core\Dependencies\YamlDotNet\Unity.VisualScripting.YamlDotNet.dll
Symbol file LoadedFromMemory doesn't match image C:\Users\arife\Documents\GITHUB\Maze-3D\Maze Game 3D\Library\PackageCache\com.unity.visualscripting@1.6.1\Editor\VisualScripting.Core\Dependencies\DotNetZip\Unity.VisualScripting.IonicZip.dll
Native extension for WindowsStandalone target not found
Refreshing native plugins compatible for Editor in 0.50 ms, found 1 plugins.
Preloading 0 native plugins for Editor in 0.00 ms.
Mono: successfully reloaded assembly
- Completed reload, in  0.847 seconds
Platform modules already initialized, skipping
Refreshing native plugins compatible for Editor in 0.52 ms, found 1 plugins.
Preloading 0 native plugins for Editor in 0.00 ms.
Unloading 3032 Unused Serialized files (Serialized files now loaded: 0)
System memory in use before: 127.4 MB.
System memory in use after: 127.6 MB.

Unloading 10 unused Assets to reduce memory usage. Loaded Objects now: 3567.
Total: 2.432000 ms (FindLiveObjects: 0.262100 ms CreateObjectMapping: 0.164500 ms MarkObjects: 1.875500 ms  DeleteObjects: 0.128700 ms)

AssetImportWorkerClient::OnTransportError - code=2 error=End of file
